mode: set
todo-lists/controllers/taskController.go:18.55,22.50 2 1
todo-lists/controllers/taskController.go:22.50,25.3 2 1
todo-lists/controllers/taskController.go:27.2,27.52 1 1
todo-lists/controllers/taskController.go:27.52,30.3 2 1
todo-lists/controllers/taskController.go:32.2,32.36 1 1
todo-lists/controllers/taskController.go:36.53,38.16 2 1
todo-lists/controllers/taskController.go:38.16,41.3 2 1
todo-lists/controllers/taskController.go:43.2,43.32 1 1
todo-lists/controllers/taskController.go:47.56,50.16 3 1
todo-lists/controllers/taskController.go:50.16,53.3 2 1
todo-lists/controllers/taskController.go:55.2,56.16 2 1
todo-lists/controllers/taskController.go:56.16,57.36 1 1
todo-lists/controllers/taskController.go:57.36,59.4 1 1
todo-lists/controllers/taskController.go:59.9,61.4 1 1
todo-lists/controllers/taskController.go:62.3,62.9 1 1
todo-lists/controllers/taskController.go:65.2,65.31 1 1
todo-lists/controllers/taskController.go:69.57,73.16 3 0
todo-lists/controllers/taskController.go:73.16,76.3 2 0
todo-lists/controllers/taskController.go:78.2,78.21 1 0
todo-lists/controllers/taskController.go:78.21,81.3 2 0
todo-lists/controllers/taskController.go:83.2,83.32 1 0
todo-lists/controllers/taskController.go:87.55,90.16 3 1
todo-lists/controllers/taskController.go:90.16,93.3 2 1
todo-lists/controllers/taskController.go:95.2,97.50 2 1
todo-lists/controllers/taskController.go:97.50,100.3 2 1
todo-lists/controllers/taskController.go:103.2,105.52 2 1
todo-lists/controllers/taskController.go:105.52,106.36 1 1
todo-lists/controllers/taskController.go:106.36,108.4 1 1
todo-lists/controllers/taskController.go:108.9,110.4 1 1
todo-lists/controllers/taskController.go:111.3,111.9 1 1
todo-lists/controllers/taskController.go:114.2,114.31 1 1
todo-lists/controllers/taskController.go:118.56,122.16 3 1
todo-lists/controllers/taskController.go:122.16,125.3 2 1
todo-lists/controllers/taskController.go:127.2,127.21 1 1
todo-lists/controllers/taskController.go:127.21,130.3 2 1
todo-lists/controllers/taskController.go:132.2,132.32 1 1
todo-lists/controllers/taskController.go:136.66,142.16 4 1
todo-lists/controllers/taskController.go:142.16,145.3 2 1
todo-lists/controllers/taskController.go:147.2,148.16 2 1
todo-lists/controllers/taskController.go:148.16,151.3 2 1
todo-lists/controllers/taskController.go:153.2,154.16 2 1
todo-lists/controllers/taskController.go:154.16,157.3 2 1
todo-lists/controllers/taskController.go:159.2,159.21 1 1
todo-lists/controllers/taskController.go:159.21,162.3 2 1
todo-lists/controllers/taskController.go:164.2,164.32 1 1
todo-lists/controllers/taskController.go:168.55,171.16 3 1
todo-lists/controllers/taskController.go:171.16,174.3 2 1
todo-lists/controllers/taskController.go:176.2,177.16 2 1
todo-lists/controllers/taskController.go:177.16,180.3 2 1
todo-lists/controllers/taskController.go:182.2,182.72 1 1
